

Simulacion de la teoria de colas


Corrida: 1
Camiones en estado espera: 0
Ri:  0.000732511292882432
#Ri 		H.Llegada		Hora.Ent.Des	#Ri 		T.Des	H.Salida	T.Espera
0.0446		23:25:00		23:25:00		0.7179		40		00:05:00		0
0.7842		00:10:00		00:10:00		0.8275		50		01:00:00		0
0.4709		00:50:00		01:00:00		0.7203		45		01:45:00		10
0.9331		01:45:00		01:45:00		0.912		55		02:40:00		0
El personal comienza a comer a las:03:00:00
El personal termina de comer a las:03:30:00
0.6237		02:25:00		02:40:00		0.043		20		03:00:00		15
0.621		03:05:00		03:30:00		0.8793		50		04:20:00		25
0.6281		03:45:00		04:20:00		0.3111		30		04:50:00		35
0.9731		04:45:00		04:50:00		0.3543		35		05:25:00		5
0.6091		05:25:00		05:25:00		0.1494		25		05:50:00		0
0.1141		05:55:00		05:55:00		0.9623		60		06:55:00		0
0.6916		06:40:00		06:55:00		0.1831		30		07:25:00		15
0.1693		07:10:00		07:25:00		0.3279		30		07:55:00		15
0.0006		07:30:00		07:55:00		0.0371		20		08:15:00		25
Costo total: $5551.0417


Corrida: 2
Camiones en estado espera: 0
Ri:  0.2635819802221951
#Ri 		H.Llegada		Hora.Ent.Des	#Ri 		T.Des	H.Salida	T.Espera
0.0764		23:25:00		23:25:00		0.6613		40		00:05:00		0
0.3365		00:00:00		00:05:00		0.5219		35		00:40:00		5
0.8329		00:50:00		00:50:00		0.7986		45		01:35:00		0
0.7061		01:35:00		01:35:00		0.0692		25		02:00:00		0
0.222		02:10:00		02:10:00		0.5373		35		02:45:00		0
El personal comienza a comer a las:03:15:00
El personal termina de comer a las:03:45:00
0.7711		02:55:00		02:55:00		0.0306		20		03:15:00		0
0.869		03:45:00		03:45:00		0.0026		20		04:05:00		0
0.1563		04:15:00		04:15:00		0.5312		35		04:50:00		0
0.3987		04:50:00		04:50:00		0.3195		30		05:20:00		0
0.4869		05:30:00		05:30:00		0.6958		40		06:10:00		0
0.4363		06:05:00		06:10:00		0.613		40		06:50:00		5
0.3877		06:40:00		06:50:00		0.6494		40		07:30:00		10
0.6068		07:20:00		07:30:00		0.0079		20		07:50:00		10
Costo total: $5047.9167


Corrida: 3
Camiones en estado espera: 0
Ri:  0.4839457941643267
#Ri 		H.Llegada		Hora.Ent.Des	#Ri 		T.Des	H.Salida	T.Espera
0.517		23:40:00		23:40:00		0.535		35		00:15:00		0
0.6296		00:20:00		00:20:00		0.4004		35		00:55:00		0
0.4238		00:55:00		00:55:00		0.8461		50		01:45:00		0
0.6027		01:35:00		01:45:00		0.7623		45		02:30:00		10
El personal comienza a comer a las:03:00:00
El personal termina de comer a las:03:30:00
0.4946		02:15:00		02:30:00		0.1648		30		03:00:00		15
0.0524		02:40:00		03:30:00		0.1944		30		04:00:00		50
0.8545		03:30:00		04:00:00		0.1165		25		04:25:00		30
0.1037		04:00:00		04:25:00		0.3218		30		04:55:00		25
0.6284		04:40:00		04:55:00		0.326		30		05:25:00		15
0.8816		05:30:00		05:30:00		0.7696		45		06:15:00		0
0.9414		06:25:00		06:25:00		0.4183		35		07:00:00		0
0.5109		07:05:00		07:05:00		0.1626		30		07:35:00		0
Costo total: $5095.8333


Corrida: 4
Camiones en estado espera: 3
Ri:  0.9184470760590893
#Ri 		H.Llegada		Hora.Ent.Des	#Ri 		T.Des	H.Salida	T.Espera
0.0000		23:00:00		23:00:00		0.0183		20		23:20:00		0
0.0000		23:00:00		23:20:00		0.1168		25		23:45:00		20
0.0000		23:00:00		23:45:00		0.126		25		00:10:00		45
0.6845		23:45:00		00:10:00		0.7513		45		00:55:00		25
0.8244		00:35:00		00:55:00		0.2847		30		01:25:00		20
0.3647		01:10:00		01:25:00		0.242		30		01:55:00		15
0.7585		01:55:00		01:55:00		0.2637		30		02:25:00		0
0.0839		02:20:00		02:25:00		0.1155		25		02:50:00		5
El personal comienza a comer a las:03:30:00
El personal termina de comer a las:04:00:00
0.0441		02:45:00		02:50:00		0.6881		40		03:30:00		5
0.9673		03:40:00		04:00:00		0.9969		60		05:00:00		20
0.8064		04:25:00		05:00:00		0.1826		30		05:30:00		35
0.1395		04:55:00		05:30:00		0.511		35		06:05:00		35
0.1701		05:25:00		06:05:00		0.3726		35		06:40:00		40
0.726		06:10:00		06:40:00		0.283		30		07:10:00		30
0.2604		06:45:00		07:10:00		0.8829		50		08:00:00		25
Costo total: $5680.2083


Corrida: 5
Camiones en estado espera: 2
Ri:  0.8515443779758272
#Ri 		H.Llegada		Hora.Ent.Des	#Ri 		T.Des	H.Salida	T.Espera
0.0000		23:00:00		23:00:00		0.9379		55		23:55:00		0
0.0000		23:00:00		23:55:00		0.2023		30		00:25:00		55
0.3384		23:35:00		00:25:00		0.6411		40		01:05:00		50
0.1004		00:05:00		01:05:00		0.1207		25		01:30:00		60
0.3643		00:40:00		01:30:00		0.2196		30		02:00:00		50
0.3958		01:15:00		02:00:00		0.1408		25		02:25:00		45
El personal comienza a comer a las:03:05:00
El personal termina de comer a las:03:35:00
0.5855		01:55:00		02:25:00		0.7124		40		03:05:00		30
0.449		02:30:00		03:35:00		0.3874		35		04:10:00		65
0.627		03:10:00		04:10:00		0.244		30		04:40:00		60
0.8851		04:00:00		04:40:00		0.9856		60		05:40:00		40
0.1138		04:30:00		05:40:00		0.9399		55		06:35:00		70
0.3289		05:05:00		06:35:00		0.0602		25		07:00:00		90
0.671		05:50:00		07:00:00		0.9248		55		07:55:00		70
0.4056		06:25:00		07:55:00		0.7365		45		08:40:00		90
0.9235		07:20:00		08:40:00		0.3236		30		09:10:00		80
Costo total: $7230.2083


Corrida: 6
Camiones en estado espera: 1
Ri:  0.740080576242217
#Ri 		H.Llegada		Hora.Ent.Des	#Ri 		T.Des	H.Salida	T.Espera
0.0000		23:00:00		23:00:00		0.1393		25		23:25:00		0
0.4962		23:40:00		23:40:00		0.2616		30		00:10:00		0
0.9574		00:35:00		00:35:00		0.3937		35		01:10:00		0
0.0142		00:55:00		01:10:00		0.8638		50		02:00:00		15
0.6825		01:40:00		02:00:00		0.6247		40		02:40:00		20
El personal comienza a comer a las:03:10:00
El personal termina de comer a las:03:40:00
0.1026		02:10:00		02:40:00		0.2548		30		03:10:00		30
0.5403		02:50:00		03:40:00		0.9573		55		04:35:00		50
0.3863		03:25:00		04:35:00		0.56		35		05:10:00		70
0.156		03:55:00		05:10:00		0.5163		35		05:45:00		75
0.4903		04:35:00		05:45:00		0.9043		55		06:40:00		70
0.1546		05:05:00		06:40:00		0.4269		35		07:15:00		95
0.0396		05:30:00		07:15:00		0.4125		35		07:50:00		105
0.1609		06:00:00		07:50:00		0.8142		45		08:35:00		110
0.6593		06:40:00		08:35:00		0.2099		30		09:05:00		115
0.8001		07:25:00		09:05:00		0.803		45		09:50:00		100
Costo total: $7601.0417


Corrida: 7
Camiones en estado espera: 3
Ri:  0.9742400195336345
#Ri 		H.Llegada		Hora.Ent.Des	#Ri 		T.Des	H.Salida	T.Espera
0.0000		23:00:00		23:00:00		0.4213		35		23:35:00		0
0.0000		23:00:00		23:35:00		0.6971		40		00:15:00		35
0.0000		23:00:00		00:15:00		0.5183		35		00:50:00		75
0.6094		23:40:00		00:50:00		0.1718		30		01:20:00		70
0.4769		00:20:00		01:20:00		0.0851		25		01:45:00		60
0.19		00:50:00		01:45:00		0.5864		35		02:20:00		55
El personal comienza a comer a las:03:00:00
El personal termina de comer a las:03:30:00
0.7645		01:35:00		02:20:00		0.6286		40		03:00:00		45
0.3409		02:10:00		03:30:00		0.79		45		04:15:00		80
0.1848		02:40:00		04:15:00		0.2736		30		04:45:00		95
0.6871		03:25:00		04:45:00		0.9077		55		05:40:00		80
0.3631		04:00:00		05:40:00		0.1452		25		06:05:00		100
0.8536		04:50:00		06:05:00		0.0643		25		06:30:00		75
0.9242		05:45:00		06:30:00		0.3683		35		07:05:00		45
0.4654		06:20:00		07:05:00		0.3852		35		07:40:00		45
0.493		07:00:00		07:40:00		0.068		25		08:05:00		40
0.1475		07:30:00		08:05:00		0.9951		60		09:05:00		35
Costo total: $7378.125


Corrida: 8
Camiones en estado espera: 1
Ri:  0.6946648760835062
#Ri 		H.Llegada		Hora.Ent.Des	#Ri 		T.Des	H.Salida	T.Espera
0.0000		23:00:00		23:00:00		0.3693		35		23:35:00		0
0.525		23:40:00		23:40:00		0.0189		20		00:00:00		0
0.1541		00:10:00		00:10:00		0.3971		35		00:45:00		0
0.2227		00:45:00		00:45:00		0.582		35		01:20:00		0
0.4964		01:25:00		01:25:00		0.2765		30		01:55:00		0
El personal comienza a comer a las:03:00:00
El personal termina de comer a las:03:30:00
0.8658		02:15:00		02:15:00		0.8091		45		03:00:00		0
0.3465		02:50:00		03:30:00		0.1325		25		03:55:00		40
0.0791		03:15:00		03:55:00		0.8252		50		04:45:00		40
0.3294		03:50:00		04:45:00		0.09		25		05:10:00		55
0.4879		04:30:00		05:10:00		0.7553		45		05:55:00		40
0.0701		04:55:00		05:55:00		0.2741		30		06:25:00		60
0.7169		05:40:00		06:25:00		0.7246		45		07:10:00		45
0.1936		06:10:00		07:10:00		0.8098		45		07:55:00		60
0.3912		06:45:00		07:55:00		0.8579		50		08:45:00		70
0.325		07:20:00		08:45:00		0.822		50		09:35:00		85
Costo total: $6913.5417


Corrida: 9
Camiones en estado espera: 0
Ri:  0.13575875961421072
#Ri 		H.Llegada		Hora.Ent.Des	#Ri 		T.Des	H.Salida	T.Espera
0.2802		23:35:00		23:35:00		0.0891		25		00:00:00		0
0.4357		00:10:00		00:10:00		0.5758		35		00:45:00		0
0.1166		00:40:00		00:45:00		0.1111		25		01:10:00		5
0.7761		01:25:00		01:25:00		0.336		30		01:55:00		0
0.4921		02:05:00		02:05:00		0.0159		20		02:25:00		0
El personal comienza a comer a las:03:00:00
El personal termina de comer a las:03:30:00
0.968		03:30:00		03:30:00		0.0415		20		03:50:00		0
0.5317		04:10:00		04:10:00		0.4285		35		04:45:00		0
0.1364		04:40:00		04:45:00		0.3174		30		05:15:00		5
0.3603		05:15:00		05:15:00		0.974		60		06:15:00		0
0.4064		05:50:00		06:15:00		0.7887		45		07:00:00		25
0.1029		06:20:00		07:00:00		0.2771		30		07:30:00		40
0.9031		07:10:00		07:30:00		0.0801		25		07:55:00		20
Costo total: $5207.2917


Corrida: 10
Camiones en estado espera: 2
Ri:  0.8847515565864974
#Ri 		H.Llegada		Hora.Ent.Des	#Ri 		T.Des	H.Salida	T.Espera
0.0000		23:00:00		23:00:00		0.9633		60		00:00:00		0
0.0000		23:00:00		00:00:00		0.7512		45		00:45:00		60
0.817		23:45:00		00:45:00		0.8305		50		01:35:00		60
0.6571		00:25:00		01:35:00		0.0758		25		02:00:00		70
0.6241		01:05:00		02:00:00		0.0653		25		02:25:00		55
0.9838		02:05:00		02:25:00		0.0021		20		02:45:00		20
El personal comienza a comer a las:03:25:00
El personal termina de comer a las:03:55:00
0.1265		02:35:00		02:45:00		0.7143		40		03:25:00		10
0.5682		03:15:00		03:55:00		0.655		40		04:35:00		40
0.9493		04:10:00		04:35:00		0.9023		55		05:30:00		25
0.0354		04:35:00		05:30:00		0.1593		30		06:00:00		55
0.7174		05:20:00		06:00:00		0.7544		45		06:45:00		40
0.0105		05:40:00		06:45:00		0.6403		40		07:25:00		65
0.0557		06:05:00		07:25:00		0.3954		35		08:00:00		80
0.1184		06:35:00		08:00:00		0.2228		30		08:30:00		85
0.5894		07:15:00		08:30:00		0.9507		55		09:25:00		75
Costo total: $7172.9167
